<?xml version="1.0" encoding="UTF-8"?>
<!-- Generated by org.testng.reporters.JUnitReportReporter -->
<testsuite hostname="Bharath-PC" name="com.crm.qa.testcases.LoginPageTest" tests="3" failures="0" timestamp="19 May 2020 08:54:51 GMT" time="46.315" errors="0">
  <testcase name="crmLogoImageTest" time="12.502" classname="com.crm.qa.testcases.LoginPageTest"/>
  <testcase name="loginTest" time="20.931" classname="com.crm.qa.testcases.LoginPageTest"/>
  <testcase name="loginPageTitleTest" time="12.882" classname="com.crm.qa.testcases.LoginPageTest"/>
</testsuite> <!-- com.crm.qa.testcases.LoginPageTest -->
